2025-05-09 08:16:39,756 
===== Starting Evaluation Mode: bc+pnn =====
2025-05-09 08:16:44,296 Training model...
2025-05-09 08:16:44,296 Collecting expert data for behavior cloning...
2025-05-09 08:17:13,879 Training actor and critic networks via behavior cloning...
2025-05-09 08:18:20,609 Epoch 1/150 | Actor Loss: 1.05406 | Critic Loss: 0.99446
2025-05-09 08:19:46,901 Epoch 21/150 | Actor Loss: 0.46126 | Critic Loss: 0.93404
2025-05-09 08:21:05,414 Epoch 41/150 | Actor Loss: 0.24451 | Critic Loss: 0.87840
2025-05-09 08:22:07,266 Epoch 61/150 | Actor Loss: 0.13553 | Critic Loss: 0.83031
2025-05-09 08:23:09,384 Epoch 81/150 | Actor Loss: 0.08003 | Critic Loss: 0.77971
2025-05-09 08:24:13,710 Epoch 101/150 | Actor Loss: 0.04561 | Critic Loss: 0.75137
2025-05-09 08:25:16,572 Epoch 121/150 | Actor Loss: 0.02697 | Critic Loss: 0.66203
2025-05-09 08:26:16,823 Epoch 141/150 | Actor Loss: 0.01581 | Critic Loss: 0.61986
2025-05-09 08:27:10,818 Epoch 150/150 | Actor Loss: 0.01249 | Critic Loss: 0.62486
2025-05-09 08:27:10,819 Warm start complete.
2025-05-09 08:27:11,084 Saving model after warm start...
2025-05-09 08:31:00,227 Warm Start 2025-05-09_01-47-14-bc_pnn-reach-v2 Total reward: 2842.78662109375
2025-05-09 08:31:00,227 Warm Start 2025-05-09_01-47-14-bc_pnn-reach-v2 Success percentage: 0.8
2025-05-09 08:31:00,228 Evaluating model on reach-v2...
2025-05-09 08:34:40,505 bc+pnn Reach - Success: 0.87, Reward: 2883.913818359375
2025-05-09 08:34:41,787 Training model...
2025-05-09 08:34:41,787 Collecting expert data for behavior cloning...
2025-05-09 08:35:14,508 Training actor and critic networks via behavior cloning...
2025-05-09 08:36:46,637 Epoch 1/250 | Actor Loss: 1.33849 | Critic Loss: 0.91976
2025-05-09 08:38:46,620 Epoch 21/250 | Actor Loss: 0.50921 | Critic Loss: 0.47450
2025-05-09 08:40:47,407 Epoch 41/250 | Actor Loss: 0.27740 | Critic Loss: 0.43031
2025-05-09 08:42:47,386 Epoch 61/250 | Actor Loss: 0.16289 | Critic Loss: 0.39094
2025-05-09 08:44:43,693 Epoch 81/250 | Actor Loss: 0.09930 | Critic Loss: 0.37878
2025-05-09 08:46:34,677 Epoch 101/250 | Actor Loss: 0.06073 | Critic Loss: 0.37799
2025-05-09 08:48:17,154 Epoch 121/250 | Actor Loss: 0.03821 | Critic Loss: 0.36707
2025-05-09 08:49:45,897 Epoch 141/250 | Actor Loss: 0.02387 | Critic Loss: 0.36123
2025-05-09 08:51:10,494 Epoch 161/250 | Actor Loss: 0.01652 | Critic Loss: 0.36411
2025-05-09 08:52:36,434 Epoch 181/250 | Actor Loss: 0.01175 | Critic Loss: 0.35391
2025-05-09 08:53:58,807 Epoch 201/250 | Actor Loss: 0.00926 | Critic Loss: 0.34919
2025-05-09 08:55:29,068 Epoch 221/250 | Actor Loss: 0.00741 | Critic Loss: 0.35361
2025-05-09 08:56:52,009 Epoch 241/250 | Actor Loss: 0.00583 | Critic Loss: 0.35060
2025-05-09 08:57:56,020 Epoch 250/250 | Actor Loss: 0.00547 | Critic Loss: 0.34871
2025-05-09 08:57:56,020 Warm start complete.
2025-05-09 08:57:56,227 Saving model after warm start...
2025-05-09 09:02:22,316 Warm Start 2025-05-09_01-47-14-bc_pnn-pick-place-v2 Total reward: 140.6848602294922
2025-05-09 09:02:22,316 Warm Start 2025-05-09_01-47-14-bc_pnn-pick-place-v2 Success percentage: 0.93
2025-05-09 09:02:22,317 Evaluating model on pick-place-v2...
2025-05-09 09:06:48,818 bc+pnn Pick Place - Success: 0.96, Reward: 71.83609008789062
2025-05-09 09:06:48,819 Evaluating on previous task: Reach (After Pick Place)
2025-05-09 09:11:31,267 bc+pnn Reach (After Pick Place) - Success: 0.83, Reward: 1189.6385498046875
2025-05-09 09:11:33,059 Training model...
2025-05-09 09:11:33,060 Collecting expert data for behavior cloning...
2025-05-09 09:12:05,146 Training actor and critic networks via behavior cloning...
2025-05-09 09:13:55,949 Epoch 1/350 | Actor Loss: 1.37023 | Critic Loss: 0.94263
2025-05-09 09:16:21,922 Epoch 21/350 | Actor Loss: 0.51944 | Critic Loss: 0.61875
2025-05-09 09:18:46,991 Epoch 41/350 | Actor Loss: 0.29283 | Critic Loss: 0.60392
2025-05-09 09:21:12,489 Epoch 61/350 | Actor Loss: 0.17545 | Critic Loss: 0.58915
2025-05-09 09:23:37,019 Epoch 81/350 | Actor Loss: 0.11344 | Critic Loss: 0.58390
2025-05-09 09:26:02,877 Epoch 101/350 | Actor Loss: 0.07772 | Critic Loss: 0.58408
2025-05-09 09:28:22,394 Epoch 121/350 | Actor Loss: 0.05500 | Critic Loss: 0.58254
2025-05-09 09:30:44,336 Epoch 141/350 | Actor Loss: 0.04048 | Critic Loss: 0.57639
2025-05-09 09:32:58,901 Epoch 161/350 | Actor Loss: 0.03082 | Critic Loss: 0.57303
2025-05-09 09:35:00,120 Epoch 181/350 | Actor Loss: 0.02623 | Critic Loss: 0.59322
2025-05-09 09:36:56,694 Epoch 201/350 | Actor Loss: 0.02221 | Critic Loss: 0.57535
2025-05-09 09:38:57,605 Epoch 221/350 | Actor Loss: 0.01901 | Critic Loss: 0.57111
2025-05-09 09:41:00,644 Epoch 241/350 | Actor Loss: 0.01940 | Critic Loss: 0.56869
2025-05-09 09:42:54,967 Epoch 261/350 | Actor Loss: 0.01714 | Critic Loss: 0.57118
2025-05-09 09:44:53,834 Epoch 281/350 | Actor Loss: 0.01494 | Critic Loss: 0.56831
2025-05-09 09:46:49,838 Epoch 301/350 | Actor Loss: 0.01416 | Critic Loss: 0.56373
2025-05-09 09:48:41,179 Epoch 321/350 | Actor Loss: 0.01403 | Critic Loss: 0.56440
2025-05-09 09:51:41,368 Epoch 341/350 | Actor Loss: 0.01812 | Critic Loss: 0.56957
2025-05-09 09:54:08,963 Epoch 350/350 | Actor Loss: 0.01298 | Critic Loss: 0.57292
2025-05-09 09:54:08,964 Warm start complete.
2025-05-09 09:54:09,287 Saving model after warm start...
2025-05-09 10:03:21,704 Warm Start 2025-05-09_01-47-14-bc_pnn-hammer-v2 Total reward: 470.7313232421875
2025-05-09 10:03:21,705 Warm Start 2025-05-09_01-47-14-bc_pnn-hammer-v2 Success percentage: 0.92
2025-05-09 10:03:21,709 Evaluating model on hammer-v2...
2025-05-09 10:09:16,256 bc+pnn Hammer - Success: 0.9, Reward: 472.4335021972656
2025-05-09 10:09:16,257 Evaluating on previous task: Reach (After Hammer)
2025-05-09 10:19:12,507 bc+pnn Reach (After Hammer) - Success: 0.16, Reward: 484.3785400390625
2025-05-09 10:19:12,510 Evaluating on previous task: Pick Place (After Hammer)
2025-05-09 10:27:32,259 bc+pnn Pick Place (After Hammer) - Success: 0.0, Reward: 2.6348776817321777
2025-05-09 10:27:32,261 
Final evaluation file complete. All combinations have been run.
2025-05-09 10:27:32,261 Results saved to plots/eval_results_2025-05-09_01-47-14.csv
